<?xml version="1.0" encoding="UTF-8"?>
<testng-results ignored="0" total="5" passed="5" failed="0" skipped="0">
  <reporter-output>
  </reporter-output>
  <suite started-at="2023-08-17T14:00:30 IST" name="SDET" finished-at="2023-08-17T14:01:01 IST" duration-ms="31075">
    <groups>
    </groups>
    <test started-at="2023-08-17T14:00:30 IST" name="CapstoneProject" finished-at="2023-08-17T14:01:01 IST" duration-ms="31075">
      <class name="com.qa.flipkart.TestScenario2">
        <test-method is-config="true" signature="setUp(java.lang.String)[pri:0, instance:com.qa.flipkart.TestScenario2@26e356f0]" started-at="2023-08-17T14:00:26 IST" name="setUp" finished-at="2023-08-17T14:00:29 IST" duration-ms="3473" status="PASS">
          <params>
            <param index="0">
              <value>
                <![CDATA[Chrome]]>
              </value>
            </param>
          </params>
          <reporter-output>
          </reporter-output>
        </test-method> <!-- setUp -->
        <test-method signature="launchUrl(java.lang.String)[pri:0, instance:com.qa.flipkart.TestScenario2@26e356f0]" started-at="2023-08-17T14:00:55 IST" name="launchUrl" finished-at="2023-08-17T14:00:59 IST" duration-ms="3598" status="PASS">
          <params>
            <param index="0">
              <value>
                <![CDATA[https://www.flipkart.com/]]>
              </value>
            </param>
          </params>
          <reporter-output>
          </reporter-output>
        </test-method> <!-- launchUrl -->
        <test-method signature="iphone()[pri:1, instance:com.qa.flipkart.TestScenario2@26e356f0]" started-at="2023-08-17T14:00:59 IST" name="iphone" finished-at="2023-08-17T14:01:01 IST" duration-ms="2780" status="PASS">
          <reporter-output>
          </reporter-output>
        </test-method> <!-- iphone -->
        <test-method is-config="true" signature="tearDown()[pri:0, instance:com.qa.flipkart.TestScenario2@26e356f0]" started-at="2023-08-17T14:01:01 IST" name="tearDown" finished-at="2023-08-17T14:01:02 IST" duration-ms="415" status="PASS">
          <reporter-output>
          </reporter-output>
        </test-method> <!-- tearDown -->
      </class> <!-- com.qa.flipkart.TestScenario2 -->
      <class name="com.qa.testscripts.TestScenario1">
        <test-method is-config="true" signature="setUp(java.lang.String)[pri:0, instance:com.qa.testscripts.TestScenario1@27462a88]" started-at="2023-08-17T14:00:29 IST" name="setUp" finished-at="2023-08-17T14:00:30 IST" duration-ms="1288" status="PASS">
          <params>
            <param index="0">
              <value>
                <![CDATA[Chrome]]>
              </value>
            </param>
          </params>
          <reporter-output>
          </reporter-output>
        </test-method> <!-- setUp -->
        <test-method signature="launchUrl(java.lang.String)[pri:0, instance:com.qa.testscripts.TestScenario1@27462a88]" started-at="2023-08-17T14:00:30 IST" name="launchUrl" finished-at="2023-08-17T14:00:43 IST" duration-ms="12992" status="PASS">
          <params>
            <param index="0">
              <value>
                <![CDATA[https://automationpanda.com/2021/12/29/want-to-practice-test-automation-try-these-demo-sites/]]>
              </value>
            </param>
          </params>
          <reporter-output>
          </reporter-output>
        </test-method> <!-- launchUrl -->
        <test-method signature="verify()[pri:0, instance:com.qa.testscripts.TestScenario1@27462a88]" started-at="2023-08-17T14:00:43 IST" name="verify" finished-at="2023-08-17T14:00:43 IST" duration-ms="30" status="PASS">
          <reporter-output>
          </reporter-output>
        </test-method> <!-- verify -->
        <test-method signature="contactDetails()[pri:1, instance:com.qa.testscripts.TestScenario1@27462a88]" started-at="2023-08-17T14:00:43 IST" name="contactDetails" finished-at="2023-08-17T14:00:55 IST" duration-ms="11573" status="PASS">
          <reporter-output>
          </reporter-output>
        </test-method> <!-- contactDetails -->
        <test-method is-config="true" signature="tearDown()[pri:0, instance:com.qa.testscripts.TestScenario1@27462a88]" started-at="2023-08-17T14:01:02 IST" name="tearDown" finished-at="2023-08-17T14:01:02 IST" duration-ms="316" status="PASS">
          <reporter-output>
          </reporter-output>
        </test-method> <!-- tearDown -->
      </class> <!-- com.qa.testscripts.TestScenario1 -->
    </test> <!-- CapstoneProject -->
  </suite> <!-- SDET -->
</testng-results>
